<?xml version="1.0" encoding="utf-8"?><testsuites name="pytest tests"><testsuite name="pytest" errors="0" failures="1" skipped="0" tests="38" time="97.208" timestamp="2026-09-12T07:00:50.484760+00:00" hostname="agent-env-235a8efe-def1-4e65-87fe-9114f67683f5"><testcase classname="tests.test_iteration3" name="test_menus_have_gallery" time="0.271" /><testcase classname="tests.test_iteration3" name="test_orders_have_plan_progress" time="0.117" /><testcase classname="tests.test_iteration3" name="test_acknowledge_postpone" time="0.114" /><testcase classname="tests.test_iteration3" name="test_acknowledge_postpone_unknown" time="0.113" /><testcase classname="tests.test_iteration3" name="test_notifications_flow" time="87.971"><failure message="AssertionError: {'partner_assigned'}&#10;assert False&#10; +  where False = any(&lt;generator object test_notifications_flow.&lt;locals&gt;.&lt;genexpr&gt; at 0xfba79b44f4c0&gt;)">backend/tests/test_iteration3.py:99: in test_notifications_flow
    assert any(s in seen for s in ["picked_up", "out_for_delivery", "delivered"]), seen
E   AssertionError: {'partner_assigned'}
E   assert False
E    +  where False = any(&lt;generator object test_notifications_flow.&lt;locals&gt;.&lt;genexpr&gt; at 0xfba79b44f4c0&gt;)</failure></testcase><testcase classname="tests.test_iteration3" name="test_payout_history" time="0.142" /><testcase classname="tests.test_iteration3" name="test_payout_history_unknown" time="0.131" /><testcase classname="tests.test_iteration3" name="test_payout_statement_month_pdf" time="0.266" /><testcase classname="tests.test_iteration3" name="test_payout_statement_month_csv" time="0.245" /><testcase classname="tests.backend_test" name="test_root" time="0.109" /><testcase classname="tests.backend_test" name="test_validate_mobile_valid" time="0.264" /><testcase classname="tests.backend_test" name="test_validate_mobile_invalid" time="0.113" /><testcase classname="tests.backend_test" name="test_validate_email" time="0.114" /><testcase classname="tests.backend_test" name="test_login_send_otp" time="0.124" /><testcase classname="tests.backend_test" name="test_login_unknown_identifier" time="0.116" /><testcase classname="tests.backend_test" name="test_login_verify_success" time="0.110" /><testcase classname="tests.backend_test" name="test_login_verify_bad_otp" time="0.114" /><testcase classname="tests.backend_test" name="test_login_verify_new_chef_phone" time="0.132" /><testcase classname="tests.backend_test" name="test_get_chef_demo" time="0.118" /><testcase classname="tests.backend_test" name="test_get_chef_not_found" time="0.110" /><testcase classname="tests.backend_test" name="test_menus_demo_has_seed" time="0.130" /><testcase classname="tests.backend_test" name="test_menu_crud_flow" time="0.642" /><testcase classname="tests.backend_test" name="test_orders_and_actions" time="0.528" /><testcase classname="tests.backend_test" name="test_revenue" time="0.113" /><testcase classname="tests.backend_test" name="test_onboarding_flow" time="0.589" /><testcase classname="tests.backend_test" name="test_admin_verify_and_activate" time="0.618" /><testcase classname="tests.backend_test" name="test_admin_verify_invalid_track" time="0.114" /><testcase classname="tests.backend_test" name="test_admin_chefs_list" time="0.114" /><testcase classname="tests.backend_test" name="test_support_ticket" time="0.137" /><testcase classname="tests.backend_test" name="test_upload_and_download" time="0.517" /><testcase classname="tests.backend_test" name="test_upload_png_and_download" time="0.544" /><testcase classname="tests.backend_test" name="test_download_missing" time="0.888" /><testcase classname="tests.backend_test" name="test_request_delivery_returns_dispatch" time="0.376" /><testcase classname="tests.backend_test" name="test_delivery_status_missing_dispatch" time="0.119" /><testcase classname="tests.backend_test" name="test_payout_pdf" time="0.155" /><testcase classname="tests.backend_test" name="test_payout_csv" time="0.137" /><testcase classname="tests.backend_test" name="test_payout_unknown_chef" time="0.135" /><testcase classname="tests.backend_test" name="test_menu_persists_image_url" time="0.474" /></testsuite></testsuites>