<?xml version="1.0" encoding="utf-8"?><testsuites name="pytest tests"><testsuite name="pytest" errors="0" failures="5" skipped="0" tests="38" time="8.438" timestamp="2026-09-12T07:00:29.865816+00:00" hostname="agent-env-235a8efe-def1-4e65-87fe-9114f67683f5"><testcase classname="tests.backend_test" name="test_root" time="0.272" /><testcase classname="tests.test_iteration3" name="test_menus_have_gallery" time="0.391" /><testcase classname="tests.test_iteration3" name="test_orders_have_plan_progress" time="0.121"><failure message="assert None is not None">backend/tests/test_iteration3.py:51: in test_orders_have_plan_progress
    assert cf1003 is not None
E   assert None is not None</failure></testcase><testcase classname="tests.backend_test" name="test_validate_mobile_valid" time="0.303" /><testcase classname="tests.test_iteration3" name="test_acknowledge_postpone" time="0.119" /><testcase classname="tests.backend_test" name="test_validate_mobile_invalid" time="0.134" /><testcase classname="tests.test_iteration3" name="test_acknowledge_postpone_unknown" time="0.130" /><testcase classname="tests.backend_test" name="test_validate_email" time="0.125" /><testcase classname="tests.test_iteration3" name="test_notifications_flow" time="0.372"><failure message="AssertionError: []&#10;assert False&#10; +  where False = any(&lt;generator object test_notifications_flow.&lt;locals&gt;.&lt;genexpr&gt; at 0xfe7960862e30&gt;)">backend/tests/test_iteration3.py:88: in test_notifications_flow
    assert any("CF1004" in n.get("title", "") for n in unread), unread
E   AssertionError: []
E   assert False
E    +  where False = any(&lt;generator object test_notifications_flow.&lt;locals&gt;.&lt;genexpr&gt; at 0xfe7960862e30&gt;)</failure></testcase><testcase classname="tests.backend_test" name="test_login_send_otp" time="0.118" /><testcase classname="tests.backend_test" name="test_login_unknown_identifier" time="0.129" /><testcase classname="tests.backend_test" name="test_login_verify_success" time="0.125" /><testcase classname="tests.test_iteration3" name="test_payout_history" time="0.137"><failure message="assert 404 == 200&#10; +  where 404 = &lt;Response [404]&gt;.status_code">backend/tests/test_iteration3.py:116: in test_payout_history
    assert r.status_code == 200
E   assert 404 == 200
E    +  where 404 = &lt;Response [404]&gt;.status_code</failure></testcase><testcase classname="tests.backend_test" name="test_login_verify_bad_otp" time="0.121" /><testcase classname="tests.test_iteration3" name="test_payout_history_unknown" time="0.117" /><testcase classname="tests.backend_test" name="test_login_verify_new_chef_phone" time="0.122" /><testcase classname="tests.test_iteration3" name="test_payout_statement_month_pdf" time="0.139"><failure message="KeyError: 2">backend/tests/test_iteration3.py:135: in test_payout_statement_month_pdf
    month = hist[2]["month"]
            ^^^^^^^
E   KeyError: 2</failure></testcase><testcase classname="tests.backend_test" name="test_get_chef_demo" time="0.127" /><testcase classname="tests.test_iteration3" name="test_payout_statement_month_csv" time="0.116"><failure message="KeyError: 3">backend/tests/test_iteration3.py:146: in test_payout_statement_month_csv
    month = hist[3]["month"]
            ^^^^^^^
E   KeyError: 3</failure></testcase><testcase classname="tests.backend_test" name="test_get_chef_not_found" time="0.127" /><testcase classname="tests.backend_test" name="test_menus_demo_has_seed" time="0.120" /><testcase classname="tests.backend_test" name="test_menu_crud_flow" time="0.608" /><testcase classname="tests.backend_test" name="test_orders_and_actions" time="0.500" /><testcase classname="tests.backend_test" name="test_revenue" time="0.130" /><testcase classname="tests.backend_test" name="test_onboarding_flow" time="0.599" /><testcase classname="tests.backend_test" name="test_admin_verify_and_activate" time="0.597" /><testcase classname="tests.backend_test" name="test_admin_verify_invalid_track" time="0.117" /><testcase classname="tests.backend_test" name="test_admin_chefs_list" time="0.121" /><testcase classname="tests.backend_test" name="test_support_ticket" time="0.112" /><testcase classname="tests.backend_test" name="test_upload_and_download" time="0.484" /><testcase classname="tests.backend_test" name="test_upload_png_and_download" time="0.572" /><testcase classname="tests.backend_test" name="test_download_missing" time="0.895" /><testcase classname="tests.backend_test" name="test_request_delivery_returns_dispatch" time="0.380" /><testcase classname="tests.backend_test" name="test_delivery_status_missing_dispatch" time="0.114" /><testcase classname="tests.backend_test" name="test_payout_pdf" time="0.143" /><testcase classname="tests.backend_test" name="test_payout_csv" time="0.114" /><testcase classname="tests.backend_test" name="test_payout_unknown_chef" time="0.117" /><testcase classname="tests.backend_test" name="test_menu_persists_image_url" time="0.475" /></testsuite></testsuites>