<?xml version="1.0" encoding="utf-8"?><testsuites name="pytest tests"><testsuite name="pytest" errors="0" failures="0" skipped="0" tests="21" time="5.419" timestamp="2026-09-12T05:42:29.761185+00:00" hostname="agent-env-235a8efe-def1-4e65-87fe-9114f67683f5"><testcase classname="tests.backend_test" name="test_root" time="0.206" /><testcase classname="tests.backend_test" name="test_validate_mobile_valid" time="0.254" /><testcase classname="tests.backend_test" name="test_validate_mobile_invalid" time="0.139" /><testcase classname="tests.backend_test" name="test_validate_email" time="0.141" /><testcase classname="tests.backend_test" name="test_login_send_otp" time="0.128" /><testcase classname="tests.backend_test" name="test_login_unknown_identifier" time="0.116" /><testcase classname="tests.backend_test" name="test_login_verify_success" time="0.123" /><testcase classname="tests.backend_test" name="test_login_verify_bad_otp" time="0.135" /><testcase classname="tests.backend_test" name="test_login_verify_new_chef_phone" time="0.110" /><testcase classname="tests.backend_test" name="test_get_chef_demo" time="0.114" /><testcase classname="tests.backend_test" name="test_get_chef_not_found" time="0.119" /><testcase classname="tests.backend_test" name="test_menus_demo_has_seed" time="0.115" /><testcase classname="tests.backend_test" name="test_menu_crud_flow" time="0.668" /><testcase classname="tests.backend_test" name="test_orders_and_actions" time="0.556" /><testcase classname="tests.backend_test" name="test_revenue" time="0.137" /><testcase classname="tests.backend_test" name="test_onboarding_flow" time="0.610" /><testcase classname="tests.backend_test" name="test_admin_verify_and_activate" time="0.601" /><testcase classname="tests.backend_test" name="test_admin_verify_invalid_track" time="0.119" /><testcase classname="tests.backend_test" name="test_admin_chefs_list" time="0.118" /><testcase classname="tests.backend_test" name="test_support_ticket" time="0.150" /><testcase classname="tests.backend_test" name="test_upload" time="0.117" /></testsuite></testsuites>