<?xml version="1.0" encoding="utf-8"?><testsuites name="pytest tests"><testsuite name="pytest" errors="0" failures="0" skipped="0" tests="29" time="77.172" timestamp="2026-09-12T06:04:49.918143+00:00" hostname="agent-env-235a8efe-def1-4e65-87fe-9114f67683f5"><testcase classname="tests.backend_test" name="test_root" time="68.514" /><testcase classname="tests.backend_test" name="test_validate_mobile_valid" time="0.308" /><testcase classname="tests.backend_test" name="test_validate_mobile_invalid" time="0.162" /><testcase classname="tests.backend_test" name="test_validate_email" time="0.139" /><testcase classname="tests.backend_test" name="test_login_send_otp" time="0.113" /><testcase classname="tests.backend_test" name="test_login_unknown_identifier" time="0.178" /><testcase classname="tests.backend_test" name="test_login_verify_success" time="0.127" /><testcase classname="tests.backend_test" name="test_login_verify_bad_otp" time="0.115" /><testcase classname="tests.backend_test" name="test_login_verify_new_chef_phone" time="0.112" /><testcase classname="tests.backend_test" name="test_get_chef_demo" time="0.118" /><testcase classname="tests.backend_test" name="test_get_chef_not_found" time="0.145" /><testcase classname="tests.backend_test" name="test_menus_demo_has_seed" time="0.145" /><testcase classname="tests.backend_test" name="test_menu_crud_flow" time="0.704" /><testcase classname="tests.backend_test" name="test_orders_and_actions" time="0.557" /><testcase classname="tests.backend_test" name="test_revenue" time="0.152" /><testcase classname="tests.backend_test" name="test_onboarding_flow" time="0.585" /><testcase classname="tests.backend_test" name="test_admin_verify_and_activate" time="0.624" /><testcase classname="tests.backend_test" name="test_admin_verify_invalid_track" time="0.112" /><testcase classname="tests.backend_test" name="test_admin_chefs_list" time="0.149" /><testcase classname="tests.backend_test" name="test_support_ticket" time="0.149" /><testcase classname="tests.backend_test" name="test_upload_and_download" time="0.473" /><testcase classname="tests.backend_test" name="test_upload_png_and_download" time="0.514" /><testcase classname="tests.backend_test" name="test_download_missing" time="0.909" /><testcase classname="tests.backend_test" name="test_request_delivery_returns_dispatch" time="0.345" /><testcase classname="tests.backend_test" name="test_delivery_status_missing_dispatch" time="0.124" /><testcase classname="tests.backend_test" name="test_payout_pdf" time="0.157" /><testcase classname="tests.backend_test" name="test_payout_csv" time="0.148" /><testcase classname="tests.backend_test" name="test_payout_unknown_chef" time="0.147" /><testcase classname="tests.backend_test" name="test_menu_persists_image_url" time="0.494" /></testsuite></testsuites>